PictureAir/proguard/seeds.txt
com.pictureAir.AboutActivity
com.pictureAir.AboutActivity: AboutActivity()
com.pictureAir.AboutActivity: void onClick(android.view.View)
com.pictureAir.AnswerActivity
com.pictureAir.AnswerActivity: AnswerActivity()
com.pictureAir.CalendarActivity
com.pictureAir.CalendarActivity: CalendarActivity()
com.pictureAir.CalendarActivity: void onClick(android.view.View)
com.pictureAir.CameraActivity
com.pictureAir.CameraActivity: CameraActivity()
com.pictureAir.CameraActivity: void onClick(android.view.View)
com.pictureAir.CartActivity
com.pictureAir.CartActivity: CartActivity()
com.pictureAir.CartActivity: void onClick(android.view.View)
com.pictureAir.DetailProductActivity
com.pictureAir.DetailProductActivity: DetailProductActivity()
com.pictureAir.DetailProductActivity: void onClick(android.view.View)
com.pictureAir.EditPhotoActivity
com.pictureAir.EditPhotoActivity: EditPhotoActivity()
com.pictureAir.EditPhotoActivity: void onClick(android.view.View)
com.pictureAir.EditStoryAlbumActivity
com.pictureAir.EditStoryAlbumActivity: EditStoryAlbumActivity()
com.pictureAir.EditStoryAlbumActivity: void onClick(android.view.View)
com.pictureAir.GalleryWidget.BasePagerAdapter
com.pictureAir.GalleryWidget.GalleryViewPager
com.pictureAir.GalleryWidget.GalleryViewPager: GalleryViewPager(android.content.Context)
com.pictureAir.GalleryWidget.GalleryViewPager: GalleryViewPager(android.content.Context,android.util.AttributeSet)
com.pictureAir.GalleryWidget.GalleryViewPager: void setOnItemClickListener(com.pictureAir.GalleryWidget.GalleryViewPager$OnItemClickListener)
com.pictureAir.GalleryWidget.InfinityFilePagerAdapter
com.pictureAir.GalleryWidget.InfinityUrlAdapter
com.pictureAir.GalleryWidget.TouchImageView
com.pictureAir.GalleryWidget.TouchImageView: void setZoomToOriginalSize(boolean)
com.pictureAir.GalleryWidget.TouchImageView: TouchImageView(android.content.Context,android.util.AttributeSet)
com.pictureAir.GalleryWidget.TouchImageView: void setImageBitmap(android.graphics.Bitmap)
com.pictureAir.GalleryWidget.TouchImageView: void setOnClickListener(android.view.View$OnClickListener)
com.pictureAir.GalleryWidget.UrlPagerAdapter
com.pictureAir.GalleryWidget.UrlTouchImageView
com.pictureAir.GalleryWidget.UrlTouchImageView: UrlTouchImageView(android.content.Context,android.util.AttributeSet)
com.pictureAir.GalleryWidget.UrlTouchImageView: com.pictureAir.GalleryWidget.TouchImageView getImageView()
com.pictureAir.GalleryWidget.UrlTouchImageView: void setScaleType(android.widget.ImageView$ScaleType)
com.pictureAir.GalleryWidget.UrlTouchImageView: void setImagePath(java.lang.String)
com.pictureAir.HelpActivity
com.pictureAir.HelpActivity: HelpActivity()
com.pictureAir.HelpActivity: void onClick(android.view.View)
com.pictureAir.InputCodeActivity
com.pictureAir.InputCodeActivity: InputCodeActivity()
com.pictureAir.InputCodeActivity: void onClick(android.view.View)
com.pictureAir.LoginActivity
com.pictureAir.LoginActivity: LoginActivity()
com.pictureAir.LoginActivity: void onClick(android.view.View)
com.pictureAir.MainTabActivity
com.pictureAir.MainTabActivity: MainTabActivity()
com.pictureAir.MakegiftActivity
com.pictureAir.MakegiftActivity: MakegiftActivity()
com.pictureAir.MakegiftActivity: void onClick(android.view.View)
com.pictureAir.MipCaptureActivity
com.pictureAir.MipCaptureActivity: MipCaptureActivity()
com.pictureAir.ModifyPasswordActivity
com.pictureAir.ModifyPasswordActivity: ModifyPasswordActivity()
com.pictureAir.ModifyPasswordActivity: void onClick(android.view.View)
com.pictureAir.MyApplication
com.pictureAir.MyApplication: MyApplication()
com.pictureAir.MyPPActivity
com.pictureAir.MyPPActivity: MyPPActivity()
com.pictureAir.MyPPActivity: void onClick(android.view.View)
com.pictureAir.MyPPPActivity
com.pictureAir.MyPPPActivity: MyPPPActivity()
com.pictureAir.MyPPPActivity: void onClick(android.view.View)
com.pictureAir.NationalListSelectionActivity
com.pictureAir.NationalListSelectionActivity: NationalListSelectionActivity()
...
android.support.v4.util.ArrayMap
android.support.v4.util.ArrayMap: android.support.v4.util.MapCollections mCollections
android.support.v4.util.ArrayMap: ArrayMap()
android.support.v4.util.ArrayMap: ArrayMap(int)
android.support.v4.util.ArrayMap: ArrayMap(android.support.v4.util.SimpleArrayMap)
android.support.v4.util.ArrayMap: android.support.v4.util.MapCollections getCollection()
android.support.v4.util.ArrayMap: boolean containsAll(java.util.Collection)
android.support.v4.util.ArrayMap: void putAll(java.util.Map)
android.support.v4.util.ArrayMap: boolean removeAll(java.util.Collection)
android.support.v4.util.ArrayMap: boolean retainAll(java.util.Collection)
android.support.v4.util.ArrayMap: java.util.Set entrySet()
android.support.v4.util.ArrayMap: java.util.Set keySet()
android.support.v4.util.ArrayMap: java.util.Collection values()
android.support.v4.util.ArrayMap$1
android.support.v4.util.ArrayMap$1: android.support.v4.util.ArrayMap this$0
android.support.v4.util.ArrayMap$1: ArrayMap$1(android.support.v4.util.ArrayMap)
android.support.v4.util.ArrayMap$1: int colGetSize()
android.support.v4.util.ArrayMap$1: java.lang.Object colGetEntry(int,int)
android.support.v4.util.ArrayMap$1: int colIndexOfKey(java.lang.Object)
android.support.v4.util.ArrayMap$1: int colIndexOfValue(java.lang.Object)
android.support.v4.util.ArrayMap$1: java.util.Map colGetMap()
android.support.v4.util.ArrayMap$1: void colPut(java.lang.Object,java.lang.Object)
android.support.v4.util.ArrayMap$1: java.lang.Object colSetValue(int,java.lang.Object)
android.support.v4.util.ArrayMap$1: void colRemoveAt(int)
android.support.v4.util.ArrayMap$1: void colClear()
android.support.v4.util.AtomicFile
android.support.v4.util.AtomicFile: java.io.File mBaseName
android.support.v4.util.AtomicFile: java.io.File mBackupName
android.support.v4.util.AtomicFile: AtomicFile(java.io.File)
android.support.v4.util.AtomicFile: java.io.File getBaseFile()
android.support.v4.util.AtomicFile: void delete()
android.support.v4.util.AtomicFile: java.io.FileOutputStream startWrite()
android.support.v4.util.AtomicFile: void finishWrite(java.io.FileOutputStream)
android.support.v4.util.AtomicFile: void failWrite(java.io.FileOutputStream)
android.support.v4.util.AtomicFile: java.io.FileInputStream openRead()
android.support.v4.util.AtomicFile: byte[] readFully()
android.support.v4.util.AtomicFile: boolean sync(java.io.FileOutputStream)
android.support.v4.util.CircularArray
android.support.v4.util.CircularArray: java.lang.Object[] mElements
android.support.v4.util.CircularArray: int mHead
android.support.v4.util.CircularArray: int mTail
android.support.v4.util.CircularArray: int mCapacityBitmask
android.support.v4.util.CircularArray: void doubleCapacity()
android.support.v4.util.CircularArray: CircularArray()
android.support.v4.util.CircularArray: CircularArray(int)
android.support.v4.util.CircularArray: void addFirst(java.lang.Object)
android.support.v4.util.CircularArray: void addLast(java.lang.Object)
android.support.v4.util.CircularArray: java.lang.Object popFirst()
android.support.v4.util.CircularArray: java.lang.Object popLast()
android.support.v4.util.CircularArray: java.lang.Object getFirst()
android.support.v4.util.CircularArray: java.lang.Object getLast()
android.support.v4.util.CircularArray: java.lang.Object get(int)
android.support.v4.util.CircularArray: int size()
android.support.v4.util.CircularArray: boolean isEmpty()