PictureAir/proguard/mapping.txt
com.pictureAir.AboutActivity -> com.pictureAir.AboutActivity:
    android.widget.TextView logo_text -> a
    android.widget.TextView tv_versionCode -> b
    java.lang.String versionCode -> c
    java.lang.String versionName -> d
    android.widget.ImageView rl_back -> e
    23:32:void onCreate(android.os.Bundle) -> onCreate
    41:48:void getVersionCode() -> a
    53:61:void onClick(android.view.View) -> onClick
    66:69:void onPause() -> onPause
    74:77:void onResume() -> onResume
com.pictureAir.AnswerActivity -> com.pictureAir.AnswerActivity:
    java.lang.String TAG -> a
    android.widget.TextView answerName -> b
    android.widget.TextView answerContent -> c
    android.widget.ImageView back -> d
    31:54:void onCreate(android.os.Bundle) -> onCreate
    59:62:void onPause() -> onPause
    67:70:void onResume() -> onResume
com.pictureAir.AnswerActivity$1 -> com.pictureAir.a:
    com.pictureAir.AnswerActivity this$0 -> a
    42:43:void onClick(android.view.View) -> onClick
com.pictureAir.CalendarActivity -> com.pictureAir.CalendarActivity:
    android.view.GestureDetector gestureDetector -> f
    com.pictureAir.adapter.CalendarAdapter calV -> g
    android.widget.ViewFlipper flipper -> h
    android.widget.GridView gridView -> i
    int jumpMonth -> j
    int jumpYear -> k
    int year_c -> l
    int month_c -> m
    int day_c -> n
    java.lang.String currentDate -> o
    int gvFlag -> p
    android.widget.TextView currentMonth -> q
    android.widget.ImageView prevMonth -> r
    android.widget.ImageView nextMonth -> s
    android.widget.ImageView prevyYear -> t
    android.widget.ImageView nextYear -> u
    android.widget.Button btn_submit_r -> v
    android.widget.ImageView login_back -> w
    java.lang.String result -> x
    com.pictureAir.entity.PPPinfo ppp -> y
    int width -> z
    java.lang.String dayC -> a
    java.lang.String yearC -> b
    java.lang.String monthC -> c
    int positionC -> d
    int currentFlag -> e
    android.content.SharedPreferences sharedPreferences -> A
    com.pictureAir.widget.CustomProgressDialog customProgressDialog -> B
    com.pictureAir.widget.MyToast myToast -> C
    android.os.Handler mHandler -> D
    146:183:void onCreate(android.os.Bundle) -> onCreate
    205:220:void moveYear(int) -> a
    224:238:void nextYear(int) -> b
    246:261:void enterNextMonth(int) -> c
    269:285:void enterPrevMonth(int) -> d
    293:297:void addTextToTopTextView(android.widget.TextView) -> a
com.pictureAir.CalendarActivity$1 -> com.pictureAir.b:
    com.pictureAir.CalendarActivity this$0 -> a
    102:128:void handleMessage(android.os.Message) -> handleMessage
com.pictureAir.CalendarActivity$2 -> com.pictureAir.c:
    com.pictureAir.CalendarActivity this$0 -> a
    319:319:boolean onTouch(android.view.View,android.view.MotionEvent) -> onTouch
com.pictureAir.CalendarActivity$3 -> com.pictureAir.d:
    com.pictureAir.CalendarActivity this$0 -> a
    330:358:void onItemClick(android.widget.AdapterView,android.view.View,int,long) -> onItemClick
com.pictureAir.CalendarActivity$MyGestureListener -> com.pictureAir.CalendarActivity$a:
    com.pictureAir.CalendarActivity this$0 -> a
    189:199:boolean onFling(android.view.MotionEvent,android.view.MotionEvent,float,float) -> onFling
...
cn.smssdk.contact.a.a -> cn.smssdk.contact.a.a:
    java.lang.String a -> a
    cn.smssdk.contact.a.h b -> b
    cn.smssdk.contact.a.i c -> c
    cn.smssdk.contact.a.e d -> d
    cn.smssdk.contact.a.k e -> e
    java.util.ArrayList f -> f
    cn.smssdk.contact.a.m g -> g
    cn.smssdk.contact.a.j h -> h
    java.util.ArrayList i -> i
    java.util.ArrayList j -> j
    java.util.ArrayList k -> k
    java.util.ArrayList l -> l
    java.util.ArrayList m -> m
    java.util.ArrayList n -> n
    java.util.ArrayList o -> o
    cn.smssdk.contact.a.f p -> p
    void a(cn.smssdk.contact.c) -> a
    cn.smssdk.contact.a.h a() -> a
    cn.smssdk.contact.a.i b() -> b
    cn.smssdk.contact.a.e c() -> c
    cn.smssdk.contact.a.k d() -> d
    cn.smssdk.contact.a.m e() -> e
    cn.smssdk.contact.a.j f() -> f
    java.util.ArrayList g() -> g
    java.util.ArrayList h() -> h
    java.util.ArrayList i() -> i
    java.util.ArrayList j() -> j
    java.util.ArrayList k() -> k
    java.util.ArrayList l() -> l
    java.util.ArrayList m() -> m
    java.lang.String toString() -> toString
    java.util.HashMap n() -> n
cn.smssdk.contact.a.b -> cn.smssdk.contact.a.b:
    java.util.HashMap a -> a
    java.util.HashMap b -> b
    cn.smssdk.contact.a.b a(java.util.HashMap) -> a
    void b(java.util.HashMap) -> b
    byte[] a(java.lang.String) -> a
    java.lang.String b(java.lang.String) -> b
    int a(java.lang.String,int) -> a
    java.lang.String toString() -> toString
    java.util.HashMap a() -> a
cn.smssdk.contact.a.c -> cn.smssdk.contact.a.c:
    java.lang.String b() -> b
    int c() -> c
    java.lang.String d() -> d
    int a(int) -> a
cn.smssdk.contact.a.d -> cn.smssdk.contact.a.d:
    java.lang.String b() -> b
    int c() -> c
    java.lang.String d() -> d
    int a(int) -> a
cn.smssdk.contact.a.e -> cn.smssdk.contact.a.e:
    java.lang.String b() -> b
cn.smssdk.contact.a.f -> cn.smssdk.contact.a.f:
cn.smssdk.contact.a.g -> cn.smssdk.contact.a.g:
    java.lang.String b() -> b
    int c() -> c
    java.lang.String d() -> d
    int a(int) -> a
cn.smssdk.contact.a.h -> cn.smssdk.contact.a.h:
    java.lang.String b() -> b
    java.lang.String c() -> c
    java.lang.String d() -> d
    java.lang.String e() -> e
    java.lang.String f() -> f
    java.lang.String g() -> g
    java.lang.String h() -> h
    java.lang.String i() -> i
cn.smssdk.contact.a.i -> cn.smssdk.contact.a.i:
    java.lang.String b() -> b
cn.smssdk.contact.a.j -> cn.smssdk.contact.a.j:
    java.lang.String b() -> b
cn.smssdk.contact.a.k -> cn.smssdk.contact.a.k:
    java.lang.String b() -> b
    java.lang.String c() -> c
cn.smssdk.contact.a.l -> cn.smssdk.contact.a.l:
    java.lang.String b() -> b
    int c() -> c
    java.lang.String d() -> d
    int a(int) -> a
cn.smssdk.contact.a.m -> cn.smssdk.contact.a.m:
    java.lang.String b() -> b
cn.smssdk.contact.a.n -> cn.smssdk.contact.a.n:
    java.lang.String b() -> b
    int c() -> c
    java.lang.String d() -> d
    int a(int) -> a
cn.smssdk.contact.a.o -> cn.smssdk.contact.a.o:
    java.lang.String b() -> b
    int c() -> c
    java.lang.String d() -> d
    int a(int) -> a
cn.smssdk.contact.a.p -> cn.smssdk.contact.a.p:
cn.smssdk.contact.a.q -> cn.smssdk.contact.a.q:
    java.lang.String b() -> b
    int c() -> c
    java.lang.String d() -> d
    int a(int) -> a
cn.smssdk.contact.b -> cn.smssdk.contact.b:
    cn.smssdk.contact.a a -> a
    void onChange(boolean) -> onChange
cn.smssdk.contact.c -> cn.smssdk.contact.c:
    android.content.ContentResolver a -> a
    boolean b -> b
    java.util.ArrayList a(android.net.Uri,java.lang.String[],java.lang.String,java.lang.String[],java.lang.String) -> a