PictureAir/proguard/usage.txt
com.pictureAir.AnswerActivity:
    private com.pictureAir.adapter.QuestionAdapter adapter
    public static final int RESULT_CODE
com.pictureAir.BuildConfig
com.pictureAir.CameraActivity:
    private static final int ZOOM_STOPPED
    private static final int ZOOM_START
    524:528:public static void scanPhotos(java.lang.String,android.content.Context)
com.pictureAir.CrashHandler:
    public static final java.lang.String TAG
com.pictureAir.DetailProductActivity:
    private static final java.lang.String TAG
com.pictureAir.EditPhotoActivity:
    private static final java.lang.String TAG
    private static final int INIT_DATA_FINISHED
    private static final int LOAD_IMAGE_FINISH
com.pictureAir.EditStoryAlbumActivity:
    private static final java.lang.String TAG
    private static final int DELETEFILE
com.pictureAir.GalleryWidget.BasePagerAdapter:
    100:100:public int getCurrentPosition()
    102:102:public void setOnItemChangeListener(com.pictureAir.GalleryWidget.BasePagerAdapter$OnItemChangeListener)
com.pictureAir.GalleryWidget.EclairMotionEvent:
    37:37:public int getPointerCount()
    41:41:public int getPointerId(int)
com.pictureAir.GalleryWidget.GalleryViewPager:
    private static final int CLICK_ACTION_THRESHHOLD
com.pictureAir.GalleryWidget.InfinityFilePagerAdapter:
    public int FIRST_PAGE
    45:48:public InfinityFilePagerAdapter(android.content.Context,java.util.List)
    76:77:public void setScaleTypeForImageView(android.widget.ImageView$ScaleType)
com.pictureAir.GalleryWidget.InfinityUrlAdapter:
    27:30:public InfinityUrlAdapter(android.content.Context,java.util.List)
    57:58:public void setScaleTypeForImageView(android.widget.ImageView$ScaleType)
com.pictureAir.GalleryWidget.TouchImageView:
    static final long DOUBLE_PRESS_INTERVAL
    static final float FRICTION
    static final int NONE
    static final int DRAG
    static final int ZOOM
    static final int CLICK
    91:91:public boolean isZoomToOriginalSize()
com.pictureAir.GalleryWidget.UrlTouchImageView:
    private static final int LOAD_FILE_DONE
com.pictureAir.GalleryWidget.WrapMotionEvent:
    65:65:public int getPointerCount()
    69:70:public int getPointerId(int)
com.pictureAir.LoginActivity:
    private static final java.lang.String TAG
    private static final int START_OTHER_REGISTER_ACTIVITY
    private static final int START_NATIONAL_LIST_SELECTION_ACTIVITY
    private static final int GET_IP_SUCCESS
    private static final int GET_IP_FAILED
    private static final int GET_TOKENID_FAILED
com.pictureAir.MakegiftActivity:
    private java.lang.String photourl
    private java.lang.String idString
    private static final int WAIT_DRAW_FINISH
com.pictureAir.MipCaptureActivity:
    private static final float BEEP_VOLUME
    private static final int SCAN_SUCCESS
    private static final int SCAN_PPP_SUCCESS
    private static final int SCAN_FAILED
    private static final int MANUAL_INPUT_CODE
    private static final int CHECK_CODE
    private static final long VIBRATE_DURATION
com.pictureAir.MyApplication:
    private boolean isLogin
    186:186:public boolean isLogin()
    194:195:public void setLogin(boolean)
    234:234:public int getCodeListSize()
    243:243:public java.util.HashMap getCodeListItem(int)
    355:355:public int getLast_tab()
com.pictureAir.MyPPActivity:
    private static final int UPDATE_UI
    private static final int DELETE_PHOTO
com.pictureAir.MyPPPActivity:
    private static final int PPP_CODE
    private static final int PP_CODE
    private android.widget.ImageView optionImageView
    private android.widget.TextView optoinTextView
    310:313:public void backgroundAlpha(float)
com.pictureAir.OtherLoginActivity:
    private static final java.lang.String TAG
    private static final int START_OTHER_REGISTER_ACTIVITY
    private static final int GET_IP_SUCCESS
    private static final int GET_IP_FAILED
    private static final int GET_TOKENID_FAILED
...
com.amap.api.location.AMapLocalWeatherLive:
    25:25:public java.lang.String getCity()
    31:31:public java.lang.String getProvince()
    37:37:public java.lang.String getCityCode()
    47:47:public com.amap.api.location.core.AMapLocException getAMapException()
    57:57:public java.lang.String getWeather()
    68:68:public java.lang.String getTemperature()
    79:79:public java.lang.String getWindDir()
    89:89:public java.lang.String getWindPower()
    100:100:public java.lang.String getHumidity()
    111:111:public java.lang.String getReportTime()
com.amap.api.location.AMapLocation:
    21:21:public java.lang.String getPoiName()
    29:29:public java.lang.String getCountry()
    37:37:public java.lang.String getRoad()
    63:63:public java.lang.String getPoiId()
    71:71:public java.lang.String getFloor()
    127:127:public java.lang.String getAddress()
    131:131:public java.lang.String getStreet()
com.amap.api.location.LocationManagerProxy:
    public static final java.lang.String GPS_PROVIDER
    public static final java.lang.String NETWORK_PROVIDER
    public static final java.lang.String KEY_LOCATION_CHANGED
    public static final java.lang.String KEY_PROVIDER_ENABLED
    public static final java.lang.String KEY_PROXIMITY_ENTERING
    public static final java.lang.String KEY_STATUS_CHANGED
    public static final int WEATHER_TYPE_LIVE
    public static final int WEATHER_TYPE_FORECAST
    private com.amap.api.location.f f
    private com.amap.api.location.LocationManagerProxy$b g
    71:74:private LocationManagerProxy(android.app.Activity)
    78:86:public static com.amap.api.location.LocationManagerProxy getInstance(android.app.Activity)
    126:134:public void addProximityAlert(double,double,float,long,android.app.PendingIntent)
    139:145:public void addGeoFenceAlert(double,double,float,long,android.app.PendingIntent)
    148:155:public void removeGeoFenceAlert(android.app.PendingIntent)
    158:173:public void removeProximityAlert(android.app.PendingIntent)
    177:197:public com.amap.api.location.AMapLocation getLastKnownLocation(java.lang.String)
    258:259:public synchronized void requestLocationUpdates(java.lang.String,long,float,com.amap.api.location.AMapLocationListener)
    300:318:public void requestLocationUpdates(java.lang.String,long,float,android.app.PendingIntent)
    322:332:public void removeUpdates(android.app.PendingIntent)
com.amap.api.location.LocationManagerProxy$b
com.amap.api.location.LocationProviderProxy
com.amap.api.location.a:
    72:78:void a(double,double,float,long,android.app.PendingIntent)
    83:89:void b(double,double,float,long,android.app.PendingIntent)
    93:94:void a(android.app.PendingIntent)
    96:97:void b(android.app.PendingIntent)
    105:108:com.amap.api.location.AMapLocation a()
    321:329:void a(int,com.amap.api.location.AMapLocalWeatherListener)
    18:18:static synthetic com.amap.api.location.AMapLocation e(com.amap.api.location.a)
com.amap.api.location.a$1
com.amap.api.location.b:
    52:67:void a(int,com.amap.api.location.AMapLocalWeatherListener,com.amap.api.location.AMapLocation)
com.amap.api.location.c:
    375:376:void a(com.aps.j,android.app.PendingIntent)
    379:380:void b(com.aps.j,android.app.PendingIntent)
    387:388:void a(android.app.PendingIntent)
    390:391:void b(android.app.PendingIntent)